Performing C SOURCE FILE Test CMAKE_HAVE_LIBC_PTHREAD failed with the following output:
Change Dir: /home/ldd/cvbridge_py/build/image_geometry/CMakeFiles/CMakeTmp

Run Build Command(s):/usr/bin/make -f Makefile cmTC_0467a/fast && /usr/bin/make  -f CMakeFiles/cmTC_0467a.dir/build.make CMakeFiles/cmTC_0467a.dir/build
make[1]: Entering directory '/home/ldd/cvbridge_py/build/image_geometry/CMakeFiles/CMakeTmp'
Building C object CMakeFiles/cmTC_0467a.dir/src.c.o
/usr/bin/cc -DCMAKE_HAVE_LIBC_PTHREAD   -o CMakeFiles/cmTC_0467a.dir/src.c.o -c /home/ldd/cvbridge_py/build/image_geometry/CMakeFiles/CMakeTmp/src.c
Linking C executable cmTC_0467a
/usr/local/bin/cmake -E cmake_link_script CMakeFiles/cmTC_0467a.dir/link.txt --verbose=1
/usr/bin/cc -rdynamic CMakeFiles/cmTC_0467a.dir/src.c.o -o cmTC_0467a 
CMakeFiles/cmTC_0467a.dir/src.c.o: In function `main':
src.c:(.text+0x3e): undefined reference to `pthread_create'
src.c:(.text+0x4a): undefined reference to `pthread_detach'
src.c:(.text+0x56): undefined reference to `pthread_cancel'
src.c:(.text+0x67): undefined reference to `pthread_join'
src.c:(.text+0x7b): undefined reference to `pthread_atfork'
collect2: error: ld returned 1 exit status
CMakeFiles/cmTC_0467a.dir/build.make:98: recipe for target 'cmTC_0467a' failed
make[1]: *** [cmTC_0467a] Error 1
make[1]: Leaving directory '/home/ldd/cvbridge_py/build/image_geometry/CMakeFiles/CMakeTmp'
Makefile:127: recipe for target 'cmTC_0467a/fast' failed
make: *** [cmTC_0467a/fast] Error 2


Source file was:
#include <pthread.h>

static void* test_func(void* data)
{
  return data;
}

int main(void)
{
  pthread_t thread;
  pthread_create(&thread, NULL, test_func, NULL);
  pthread_detach(thread);
  pthread_cancel(thread);
  pthread_join(thread, NULL);
  pthread_atfork(NULL, NULL, NULL);
  pthread_exit(NULL);

  return 0;
}

Determining if the function pthread_create exists in the pthreads failed with the following output:
Change Dir: /home/ldd/cvbridge_py/build/image_geometry/CMakeFiles/CMakeTmp

Run Build Command(s):/usr/bin/make -f Makefile cmTC_4fbc9/fast && /usr/bin/make  -f CMakeFiles/cmTC_4fbc9.dir/build.make CMakeFiles/cmTC_4fbc9.dir/build
make[1]: Entering directory '/home/ldd/cvbridge_py/build/image_geometry/CMakeFiles/CMakeTmp'
Building C object CMakeFiles/cmTC_4fbc9.dir/CheckFunctionExists.c.o
/usr/bin/cc   -DCHECK_FUNCTION_EXISTS=pthread_create -o CMakeFiles/cmTC_4fbc9.dir/CheckFunctionExists.c.o -c /usr/local/share/cmake-3.22/Modules/CheckFunctionExists.c
Linking C executable cmTC_4fbc9
/usr/local/bin/cmake -E cmake_link_script CMakeFiles/cmTC_4fbc9.dir/link.txt --verbose=1
/usr/bin/cc  -DCHECK_FUNCTION_EXISTS=pthread_create -rdynamic CMakeFiles/cmTC_4fbc9.dir/CheckFunctionExists.c.o -o cmTC_4fbc9  -lpthreads 
/usr/bin/ld: cannot find -lpthreads
collect2: error: ld returned 1 exit status
CMakeFiles/cmTC_4fbc9.dir/build.make:98: recipe for target 'cmTC_4fbc9' failed
make[1]: *** [cmTC_4fbc9] Error 1
make[1]: Leaving directory '/home/ldd/cvbridge_py/build/image_geometry/CMakeFiles/CMakeTmp'
Makefile:127: recipe for target 'cmTC_4fbc9/fast' failed
make: *** [cmTC_4fbc9/fast] Error 2



